<?xml version="1.0" encoding="UTF-8"?>
<testsuite xmlns:xsi="http://www.w3.org/2001/XMLSchema-instance" xsi:noNamespaceSchemaLocation="https://maven.apache.org/surefire/maven-surefire-plugin/xsd/surefire-test-report.xsd" name="HanLPTest" time="8.536" tests="4" errors="1" skipped="0" failures="0">
  <properties>
    <property name="sun.desktop" value="windows"/>
    <property name="awt.toolkit" value="sun.awt.windows.WToolkit"/>
    <property name="file.encoding.pkg" value="sun.io"/>
    <property name="java.specification.version" value="1.8"/>
    <property name="sun.cpu.isalist" value="pentium_pro+mmx pentium_pro pentium+mmx pentium i486 i386 i86"/>
    <property name="sun.jnu.encoding" value="GBK"/>
    <property name="java.class.path" value="G:\movie_qa\Spring-Boot-Neo4j-Movies-master\target\test-classes;G:\movie_qa\Spring-Boot-Neo4j-Movies-master\target\classes;G:\maven_rpo\org\springframework\boot\spring-boot-starter-web\2.1.2.RELEASE\spring-boot-starter-web-2.1.2.RELEASE.jar;G:\maven_rpo\org\springframework\boot\spring-boot-starter\2.1.2.RELEASE\spring-boot-starter-2.1.2.RELEASE.jar;G:\maven_rpo\org\springframework\boot\spring-boot-starter-logging\2.1.2.RELEASE\spring-boot-starter-logging-2.1.2.RELEASE.jar;G:\maven_rpo\ch\qos\logback\logback-classic\1.2.3\logback-classic-1.2.3.jar;G:\maven_rpo\ch\qos\logback\logback-core\1.2.3\logback-core-1.2.3.jar;G:\maven_rpo\org\apache\logging\log4j\log4j-to-slf4j\2.11.1\log4j-to-slf4j-2.11.1.jar;G:\maven_rpo\org\apache\logging\log4j\log4j-api\2.11.1\log4j-api-2.11.1.jar;G:\maven_rpo\javax\annotation\javax.annotation-api\1.3.2\javax.annotation-api-1.3.2.jar;G:\maven_rpo\org\yaml\snakeyaml\1.23\snakeyaml-1.23.jar;G:\maven_rpo\org\springframework\boot\spring-boot-starter-json\2.1.2.RELEASE\spring-boot-starter-json-2.1.2.RELEASE.jar;G:\maven_rpo\com\fasterxml\jackson\datatype\jackson-datatype-jdk8\2.9.8\jackson-datatype-jdk8-2.9.8.jar;G:\maven_rpo\com\fasterxml\jackson\datatype\jackson-datatype-jsr310\2.9.8\jackson-datatype-jsr310-2.9.8.jar;G:\maven_rpo\com\fasterxml\jackson\module\jackson-module-parameter-names\2.9.8\jackson-module-parameter-names-2.9.8.jar;G:\maven_rpo\org\springframework\boot\spring-boot-starter-tomcat\2.1.2.RELEASE\spring-boot-starter-tomcat-2.1.2.RELEASE.jar;G:\maven_rpo\org\apache\tomcat\embed\tomcat-embed-core\9.0.14\tomcat-embed-core-9.0.14.jar;G:\maven_rpo\org\apache\tomcat\embed\tomcat-embed-el\9.0.14\tomcat-embed-el-9.0.14.jar;G:\maven_rpo\org\apache\tomcat\embed\tomcat-embed-websocket\9.0.14\tomcat-embed-websocket-9.0.14.jar;G:\maven_rpo\org\hibernate\validator\hibernate-validator\6.0.14.Final\hibernate-validator-6.0.14.Final.jar;G:\maven_rpo\javax\validation\validation-api\2.0.1.Final\validation-api-2.0.1.Final.jar;G:\maven_rpo\org\jboss\logging\jboss-logging\3.3.2.Final\jboss-logging-3.3.2.Final.jar;G:\maven_rpo\com\fasterxml\classmate\1.4.0\classmate-1.4.0.jar;G:\maven_rpo\org\springframework\spring-web\5.1.4.RELEASE\spring-web-5.1.4.RELEASE.jar;G:\maven_rpo\org\springframework\spring-beans\5.1.4.RELEASE\spring-beans-5.1.4.RELEASE.jar;G:\maven_rpo\org\springframework\spring-webmvc\5.1.4.RELEASE\spring-webmvc-5.1.4.RELEASE.jar;G:\maven_rpo\org\springframework\spring-aop\5.1.4.RELEASE\spring-aop-5.1.4.RELEASE.jar;G:\maven_rpo\org\springframework\spring-context\5.1.4.RELEASE\spring-context-5.1.4.RELEASE.jar;G:\maven_rpo\org\springframework\spring-expression\5.1.4.RELEASE\spring-expression-5.1.4.RELEASE.jar;G:\maven_rpo\org\springframework\boot\spring-boot-devtools\2.1.2.RELEASE\spring-boot-devtools-2.1.2.RELEASE.jar;G:\maven_rpo\org\springframework\boot\spring-boot\2.1.2.RELEASE\spring-boot-2.1.2.RELEASE.jar;G:\maven_rpo\org\springframework\boot\spring-boot-autoconfigure\2.1.2.RELEASE\spring-boot-autoconfigure-2.1.2.RELEASE.jar;G:\maven_rpo\org\springframework\boot\spring-boot-starter-test\2.1.2.RELEASE\spring-boot-starter-test-2.1.2.RELEASE.jar;G:\maven_rpo\org\springframework\boot\spring-boot-test\2.1.2.RELEASE\spring-boot-test-2.1.2.RELEASE.jar;G:\maven_rpo\org\springframework\boot\spring-boot-test-autoconfigure\2.1.2.RELEASE\spring-boot-test-autoconfigure-2.1.2.RELEASE.jar;G:\maven_rpo\com\jayway\jsonpath\json-path\2.4.0\json-path-2.4.0.jar;G:\maven_rpo\net\minidev\json-smart\2.3\json-smart-2.3.jar;G:\maven_rpo\net\minidev\accessors-smart\1.2\accessors-smart-1.2.jar;G:\maven_rpo\org\ow2\asm\asm\5.0.4\asm-5.0.4.jar;G:\maven_rpo\org\assertj\assertj-core\3.11.1\assertj-core-3.11.1.jar;G:\maven_rpo\org\mockito\mockito-core\2.23.4\mockito-core-2.23.4.jar;G:\maven_rpo\net\bytebuddy\byte-buddy\1.9.7\byte-buddy-1.9.7.jar;G:\maven_rpo\net\bytebuddy\byte-buddy-agent\1.9.7\byte-buddy-agent-1.9.7.jar;G:\maven_rpo\org\objenesis\objenesis\2.6\objenesis-2.6.jar;G:\maven_rpo\org\hamcrest\hamcrest-core\1.3\hamcrest-core-1.3.jar;G:\maven_rpo\org\hamcrest\hamcrest-library\1.3\hamcrest-library-1.3.jar;G:\maven_rpo\org\skyscreamer\jsonassert\1.5.0\jsonassert-1.5.0.jar;G:\maven_rpo\com\vaadin\external\google\android-json\0.0.20131108.vaadin1\android-json-0.0.20131108.vaadin1.jar;G:\maven_rpo\org\springframework\spring-core\5.1.4.RELEASE\spring-core-5.1.4.RELEASE.jar;G:\maven_rpo\org\springframework\spring-jcl\5.1.4.RELEASE\spring-jcl-5.1.4.RELEASE.jar;G:\maven_rpo\org\springframework\spring-test\5.1.4.RELEASE\spring-test-5.1.4.RELEASE.jar;G:\maven_rpo\org\xmlunit\xmlunit-core\2.6.2\xmlunit-core-2.6.2.jar;G:\maven_rpo\junit\junit\4.12\junit-4.12.jar;G:\maven_rpo\org\springframework\boot\spring-boot-starter-data-neo4j\2.1.2.RELEASE\spring-boot-starter-data-neo4j-2.1.2.RELEASE.jar;G:\maven_rpo\org\springframework\data\spring-data-neo4j\5.1.4.RELEASE\spring-data-neo4j-5.1.4.RELEASE.jar;G:\maven_rpo\org\springframework\spring-tx\5.1.4.RELEASE\spring-tx-5.1.4.RELEASE.jar;G:\maven_rpo\org\springframework\data\spring-data-commons\2.1.4.RELEASE\spring-data-commons-2.1.4.RELEASE.jar;G:\maven_rpo\org\neo4j\neo4j-ogm-core\3.1.6\neo4j-ogm-core-3.1.6.jar;G:\maven_rpo\io\github\lukehutch\fast-classpath-scanner\2.18.1\fast-classpath-scanner-2.18.1.jar;G:\maven_rpo\org\neo4j\neo4j-ogm-api\3.1.6\neo4j-ogm-api-3.1.6.jar;G:\maven_rpo\org\neo4j\neo4j-ogm-bolt-driver\3.1.6\neo4j-ogm-bolt-driver-3.1.6.jar;G:\maven_rpo\org\neo4j\driver\neo4j-java-driver\1.6.3\neo4j-java-driver-1.6.3.jar;G:\maven_rpo\com\hankcs\hanlp\portable-1.7.1\hanlp-portable-1.7.1.jar;G:\maven_rpo\org\springframework\boot\spring-boot-starter-thymeleaf\2.1.2.RELEASE\spring-boot-starter-thymeleaf-2.1.2.RELEASE.jar;G:\maven_rpo\org\thymeleaf\thymeleaf-spring5\3.0.11.RELEASE\thymeleaf-spring5-3.0.11.RELEASE.jar;G:\maven_rpo\org\thymeleaf\thymeleaf\3.0.11.RELEASE\thymeleaf-3.0.11.RELEASE.jar;G:\maven_rpo\org\attoparser\attoparser\2.0.5.RELEASE\attoparser-2.0.5.RELEASE.jar;G:\maven_rpo\org\unbescape\unbescape\1.1.6.RELEASE\unbescape-1.1.6.RELEASE.jar;G:\maven_rpo\org\thymeleaf\extras\thymeleaf-extras-java8time\3.0.2.RELEASE\thymeleaf-extras-java8time-3.0.2.RELEASE.jar;G:\maven_rpo\org\apache\spark\spark-core_2.12\2.4.0\spark-core_2.12-2.4.0.jar;G:\maven_rpo\org\apache\avro\avro\1.8.2\avro-1.8.2.jar;G:\maven_rpo\org\codehaus\jackson\jackson-core-asl\1.9.13\jackson-core-asl-1.9.13.jar;G:\maven_rpo\org\codehaus\jackson\jackson-mapper-asl\1.9.13\jackson-mapper-asl-1.9.13.jar;G:\maven_rpo\org\apache\commons\commons-compress\1.8.1\commons-compress-1.8.1.jar;G:\maven_rpo\org\tukaani\xz\1.5\xz-1.5.jar;G:\maven_rpo\org\apache\avro\avro-mapred\1.8.2\avro-mapred-1.8.2-hadoop2.jar;G:\maven_rpo\org\apache\avro\avro-ipc\1.8.2\avro-ipc-1.8.2.jar;G:\maven_rpo\commons-codec\commons-codec\1.11\commons-codec-1.11.jar;G:\maven_rpo\com\twitter\chill_2.12\0.9.3\chill_2.12-0.9.3.jar;G:\maven_rpo\com\esotericsoftware\kryo-shaded\4.0.2\kryo-shaded-4.0.2.jar;G:\maven_rpo\com\esotericsoftware\minlog\1.3.0\minlog-1.3.0.jar;G:\maven_rpo\com\twitter\chill-java\0.9.3\chill-java-0.9.3.jar;G:\maven_rpo\org\apache\xbean\xbean-asm6-shaded\4.8\xbean-asm6-shaded-4.8.jar;G:\maven_rpo\org\apache\hadoop\hadoop-client\2.6.5\hadoop-client-2.6.5.jar;G:\maven_rpo\org\apache\hadoop\hadoop-common\2.6.5\hadoop-common-2.6.5.jar;G:\maven_rpo\commons-cli\commons-cli\1.2\commons-cli-1.2.jar;G:\maven_rpo\xmlenc\xmlenc\0.52\xmlenc-0.52.jar;G:\maven_rpo\commons-httpclient\commons-httpclient\3.1\commons-httpclient-3.1.jar;G:\maven_rpo\commons-io\commons-io\2.4\commons-io-2.4.jar;G:\maven_rpo\commons-collections\commons-collections\3.2.2\commons-collections-3.2.2.jar;G:\maven_rpo\commons-lang\commons-lang\2.6\commons-lang-2.6.jar;G:\maven_rpo\commons-configuration\commons-configuration\1.6\commons-configuration-1.6.jar;G:\maven_rpo\commons-digester\commons-digester\1.8\commons-digester-1.8.jar;G:\maven_rpo\commons-beanutils\commons-beanutils\1.7.0\commons-beanutils-1.7.0.jar;G:\maven_rpo\commons-beanutils\commons-beanutils-core\1.8.0\commons-beanutils-core-1.8.0.jar;G:\maven_rpo\com\google\protobuf\protobuf-java\2.5.0\protobuf-java-2.5.0.jar;G:\maven_rpo\com\google\code\gson\gson\2.8.5\gson-2.8.5.jar;G:\maven_rpo\org\apache\hadoop\hadoop-auth\2.6.5\hadoop-auth-2.6.5.jar;G:\maven_rpo\org\apache\httpcomponents\httpclient\4.5.6\httpclient-4.5.6.jar;G:\maven_rpo\org\apache\httpcomponents\httpcore\4.4.10\httpcore-4.4.10.jar;G:\maven_rpo\org\apache\directory\server\apacheds-kerberos-codec\2.0.0-M15\apacheds-kerberos-codec-2.0.0-M15.jar;G:\maven_rpo\org\apache\directory\server\apacheds-i18n\2.0.0-M15\apacheds-i18n-2.0.0-M15.jar;G:\maven_rpo\org\apache\directory\api\api-asn1-api\1.0.0-M20\api-asn1-api-1.0.0-M20.jar;G:\maven_rpo\org\apache\directory\api\api-util\1.0.0-M20\api-util-1.0.0-M20.jar;G:\maven_rpo\org\apache\curator\curator-client\2.6.0\curator-client-2.6.0.jar;G:\maven_rpo\org\htrace\htrace-core\3.0.4\htrace-core-3.0.4.jar;G:\maven_rpo\org\apache\hadoop\hadoop-hdfs\2.6.5\hadoop-hdfs-2.6.5.jar;G:\maven_rpo\org\mortbay\jetty\jetty-util\6.1.26\jetty-util-6.1.26.jar;G:\maven_rpo\xerces\xercesImpl\2.9.1\xercesImpl-2.9.1.jar;G:\maven_rpo\xml-apis\xml-apis\1.4.01\xml-apis-1.4.01.jar;G:\maven_rpo\org\apache\hadoop\hadoop-mapreduce-client-app\2.6.5\hadoop-mapreduce-client-app-2.6.5.jar;G:\maven_rpo\org\apache\hadoop\hadoop-mapreduce-client-common\2.6.5\hadoop-mapreduce-client-common-2.6.5.jar;G:\maven_rpo\org\apache\hadoop\hadoop-yarn-client\2.6.5\hadoop-yarn-client-2.6.5.jar;G:\maven_rpo\org\apache\hadoop\hadoop-yarn-server-common\2.6.5\hadoop-yarn-server-common-2.6.5.jar;G:\maven_rpo\org\apache\hadoop\hadoop-mapreduce-client-shuffle\2.6.5\hadoop-mapreduce-client-shuffle-2.6.5.jar;G:\maven_rpo\org\apache\hadoop\hadoop-yarn-api\2.6.5\hadoop-yarn-api-2.6.5.jar;G:\maven_rpo\org\apache\hadoop\hadoop-mapreduce-client-core\2.6.5\hadoop-mapreduce-client-core-2.6.5.jar;G:\maven_rpo\org\apache\hadoop\hadoop-yarn-common\2.6.5\hadoop-yarn-common-2.6.5.jar;G:\maven_rpo\javax\xml\bind\jaxb-api\2.3.1\jaxb-api-2.3.1.jar;G:\maven_rpo\javax\activation\javax.activation-api\1.2.0\javax.activation-api-1.2.0.jar;G:\maven_rpo\org\codehaus\jackson\jackson-jaxrs\1.9.13\jackson-jaxrs-1.9.13.jar;G:\maven_rpo\org\codehaus\jackson\jackson-xc\1.9.13\jackson-xc-1.9.13.jar;G:\maven_rpo\org\apache\hadoop\hadoop-mapreduce-client-jobclient\2.6.5\hadoop-mapreduce-client-jobclient-2.6.5.jar;G:\maven_rpo\org\apache\hadoop\hadoop-annotations\2.6.5\hadoop-annotations-2.6.5.jar;G:\maven_rpo\org\apache\spark\spark-launcher_2.12\2.4.0\spark-launcher_2.12-2.4.0.jar;G:\maven_rpo\org\apache\spark\spark-kvstore_2.12\2.4.0\spark-kvstore_2.12-2.4.0.jar;G:\maven_rpo\org\fusesource\leveldbjni\leveldbjni-all\1.8\leveldbjni-all-1.8.jar;G:\maven_rpo\com\fasterxml\jackson\core\jackson-core\2.9.8\jackson-core-2.9.8.jar;G:\maven_rpo\com\fasterxml\jackson\core\jackson-annotations\2.9.0\jackson-annotations-2.9.0.jar;G:\maven_rpo\org\apache\spark\spark-network-common_2.12\2.4.0\spark-network-common_2.12-2.4.0.jar;G:\maven_rpo\org\apache\spark\spark-network-shuffle_2.12\2.4.0\spark-network-shuffle_2.12-2.4.0.jar;G:\maven_rpo\org\apache\spark\spark-unsafe_2.12\2.4.0\spark-unsafe_2.12-2.4.0.jar;G:\maven_rpo\javax\activation\activation\1.1.1\activation-1.1.1.jar;G:\maven_rpo\org\apache\curator\curator-recipes\2.6.0\curator-recipes-2.6.0.jar;G:\maven_rpo\org\apache\curator\curator-framework\2.6.0\curator-framework-2.6.0.jar;G:\maven_rpo\com\google\guava\guava\16.0.1\guava-16.0.1.jar;G:\maven_rpo\org\apache\zookeeper\zookeeper\3.4.6\zookeeper-3.4.6.jar;G:\maven_rpo\javax\servlet\javax.servlet-api\4.0.1\javax.servlet-api-4.0.1.jar;G:\maven_rpo\org\apache\commons\commons-lang3\3.8.1\commons-lang3-3.8.1.jar;G:\maven_rpo\org\apache\commons\commons-math3\3.4.1\commons-math3-3.4.1.jar;G:\maven_rpo\com\google\code\findbugs\jsr305\1.3.9\jsr305-1.3.9.jar;G:\maven_rpo\org\slf4j\slf4j-api\1.7.25\slf4j-api-1.7.25.jar;G:\maven_rpo\org\slf4j\jul-to-slf4j\1.7.25\jul-to-slf4j-1.7.25.jar;G:\maven_rpo\org\slf4j\jcl-over-slf4j\1.7.25\jcl-over-slf4j-1.7.25.jar;G:\maven_rpo\log4j\log4j\1.2.17\log4j-1.2.17.jar;G:\maven_rpo\com\ning\compress-lzf\1.0.3\compress-lzf-1.0.3.jar;G:\maven_rpo\org\xerial\snappy\snappy-java\1.1.7.1\snappy-java-1.1.7.1.jar;G:\maven_rpo\org\lz4\lz4-java\1.4.0\lz4-java-1.4.0.jar;G:\maven_rpo\com\github\luben\zstd-jni\1.3.2-2\zstd-jni-1.3.2-2.jar;G:\maven_rpo\org\roaringbitmap\RoaringBitmap\0.5.11\RoaringBitmap-0.5.11.jar;G:\maven_rpo\commons-net\commons-net\3.1\commons-net-3.1.jar;G:\maven_rpo\org\scala-lang\scala-library\2.12.7\scala-library-2.12.7.jar;G:\maven_rpo\org\json4s\json4s-jackson_2.12\3.5.3\json4s-jackson_2.12-3.5.3.jar;G:\maven_rpo\org\json4s\json4s-core_2.12\3.5.3\json4s-core_2.12-3.5.3.jar;G:\maven_rpo\org\json4s\json4s-ast_2.12\3.5.3\json4s-ast_2.12-3.5.3.jar;G:\maven_rpo\org\json4s\json4s-scalap_2.12\3.5.3\json4s-scalap_2.12-3.5.3.jar;G:\maven_rpo\org\scala-lang\modules\scala-xml_2.12\1.0.6\scala-xml_2.12-1.0.6.jar;G:\maven_rpo\org\glassfish\jersey\core\jersey-client\2.27\jersey-client-2.27.jar;G:\maven_rpo\javax\ws\rs\javax.ws.rs-api\2.1\javax.ws.rs-api-2.1.jar;G:\maven_rpo\org\glassfish\hk2\external\javax.inject\2.5.0-b42\javax.inject-2.5.0-b42.jar;G:\maven_rpo\org\glassfish\jersey\core\jersey-common\2.27\jersey-common-2.27.jar;G:\maven_rpo\org\glassfish\hk2\osgi-resource-locator\1.0.1\osgi-resource-locator-1.0.1.jar;G:\maven_rpo\org\glassfish\jersey\core\jersey-server\2.27\jersey-server-2.27.jar;G:\maven_rpo\org\glassfish\jersey\media\jersey-media-jaxb\2.27\jersey-media-jaxb-2.27.jar;G:\maven_rpo\org\glassfish\jersey\containers\jersey-container-servlet\2.27\jersey-container-servlet-2.27.jar;G:\maven_rpo\org\glassfish\jersey\containers\jersey-container-servlet-core\2.27\jersey-container-servlet-core-2.27.jar;G:\maven_rpo\io\netty\netty-all\4.1.31.Final\netty-all-4.1.31.Final.jar;G:\maven_rpo\io\netty\netty\3.9.9.Final\netty-3.9.9.Final.jar;G:\maven_rpo\com\clearspring\analytics\stream\2.7.0\stream-2.7.0.jar;G:\maven_rpo\io\dropwizard\metrics\metrics-core\4.0.5\metrics-core-4.0.5.jar;G:\maven_rpo\io\dropwizard\metrics\metrics-jvm\4.0.5\metrics-jvm-4.0.5.jar;G:\maven_rpo\io\dropwizard\metrics\metrics-json\4.0.5\metrics-json-4.0.5.jar;G:\maven_rpo\io\dropwizard\metrics\metrics-graphite\4.0.5\metrics-graphite-4.0.5.jar;G:\maven_rpo\com\rabbitmq\amqp-client\5.4.3\amqp-client-5.4.3.jar;G:\maven_rpo\com\fasterxml\jackson\core\jackson-databind\2.9.8\jackson-databind-2.9.8.jar;G:\maven_rpo\com\fasterxml\jackson\module\jackson-module-scala_2.12\2.9.8\jackson-module-scala_2.12-2.9.8.jar;G:\maven_rpo\com\fasterxml\jackson\module\jackson-module-paranamer\2.9.8\jackson-module-paranamer-2.9.8.jar;G:\maven_rpo\org\apache\ivy\ivy\2.4.0\ivy-2.4.0.jar;G:\maven_rpo\oro\oro\2.0.8\oro-2.0.8.jar;G:\maven_rpo\net\razorvine\pyrolite\4.13\pyrolite-4.13.jar;G:\maven_rpo\net\sf\py4j\py4j\0.10.7\py4j-0.10.7.jar;G:\maven_rpo\org\apache\spark\spark-tags_2.12\2.4.0\spark-tags_2.12-2.4.0.jar;G:\maven_rpo\org\apache\commons\commons-crypto\1.0.0\commons-crypto-1.0.0.jar;G:\maven_rpo\org\spark-project\spark\unused\1.0.0\unused-1.0.0.jar;G:\maven_rpo\org\apache\spark\spark-mllib_2.12\2.4.0\spark-mllib_2.12-2.4.0.jar;G:\maven_rpo\org\scala-lang\modules\scala-parser-combinators_2.12\1.1.0\scala-parser-combinators_2.12-1.1.0.jar;G:\maven_rpo\org\apache\spark\spark-streaming_2.12\2.4.0\spark-streaming_2.12-2.4.0.jar;G:\maven_rpo\org\apache\spark\spark-sql_2.12\2.4.0\spark-sql_2.12-2.4.0.jar;G:\maven_rpo\com\univocity\univocity-parsers\2.7.3\univocity-parsers-2.7.3.jar;G:\maven_rpo\org\apache\spark\spark-sketch_2.12\2.4.0\spark-sketch_2.12-2.4.0.jar;G:\maven_rpo\org\apache\spark\spark-catalyst_2.12\2.4.0\spark-catalyst_2.12-2.4.0.jar;G:\maven_rpo\org\scala-lang\scala-reflect\2.12.7\scala-reflect-2.12.7.jar;G:\maven_rpo\org\antlr\antlr4-runtime\4.7\antlr4-runtime-4.7.jar;G:\maven_rpo\org\apache\orc\orc-core\1.5.2\orc-core-1.5.2-nohive.jar;G:\maven_rpo\org\apache\orc\orc-shims\1.5.2\orc-shims-1.5.2.jar;G:\maven_rpo\io\airlift\aircompressor\0.10\aircompressor-0.10.jar;G:\maven_rpo\org\apache\orc\orc-mapreduce\1.5.2\orc-mapreduce-1.5.2-nohive.jar;G:\maven_rpo\org\apache\parquet\parquet-column\1.10.0\parquet-column-1.10.0.jar;G:\maven_rpo\org\apache\parquet\parquet-common\1.10.0\parquet-common-1.10.0.jar;G:\maven_rpo\org\apache\parquet\parquet-encoding\1.10.0\parquet-encoding-1.10.0.jar;G:\maven_rpo\org\apache\parquet\parquet-hadoop\1.10.0\parquet-hadoop-1.10.0.jar;G:\maven_rpo\org\apache\parquet\parquet-format\2.4.0\parquet-format-2.4.0.jar;G:\maven_rpo\org\apache\parquet\parquet-jackson\1.10.0\parquet-jackson-1.10.0.jar;G:\maven_rpo\org\apache\arrow\arrow-vector\0.10.0\arrow-vector-0.10.0.jar;G:\maven_rpo\org\apache\arrow\arrow-format\0.10.0\arrow-format-0.10.0.jar;G:\maven_rpo\org\apache\arrow\arrow-memory\0.10.0\arrow-memory-0.10.0.jar;G:\maven_rpo\joda-time\joda-time\2.10.1\joda-time-2.10.1.jar;G:\maven_rpo\com\carrotsearch\hppc\0.7.2\hppc-0.7.2.jar;G:\maven_rpo\com\vlkan\flatbuffers\1.2.0-3f79e055\flatbuffers-1.2.0-3f79e055.jar;G:\maven_rpo\org\apache\spark\spark-graphx_2.12\2.4.0\spark-graphx_2.12-2.4.0.jar;G:\maven_rpo\com\github\fommil\netlib\core\1.1.2\core-1.1.2.jar;G:\maven_rpo\net\sourceforge\f2j\arpack_combined_all\0.1\arpack_combined_all-0.1.jar;G:\maven_rpo\org\apache\spark\spark-mllib-local_2.12\2.4.0\spark-mllib-local_2.12-2.4.0.jar;G:\maven_rpo\org\scalanlp\breeze_2.12\0.13.2\breeze_2.12-0.13.2.jar;G:\maven_rpo\org\scalanlp\breeze-macros_2.12\0.13.2\breeze-macros_2.12-0.13.2.jar;G:\maven_rpo\net\sf\opencsv\opencsv\2.3\opencsv-2.3.jar;G:\maven_rpo\com\github\rwl\jtransforms\2.4.0\jtransforms-2.4.0.jar;G:\maven_rpo\org\spire-math\spire_2.12\0.13.0\spire_2.12-0.13.0.jar;G:\maven_rpo\org\spire-math\spire-macros_2.12\0.13.0\spire-macros_2.12-0.13.0.jar;G:\maven_rpo\org\typelevel\machinist_2.12\0.6.1\machinist_2.12-0.6.1.jar;G:\maven_rpo\com\chuusai\shapeless_2.12\2.3.2\shapeless_2.12-2.3.2.jar;G:\maven_rpo\org\typelevel\macro-compat_2.12\1.1.1\macro-compat_2.12-1.1.1.jar;G:\maven_rpo\org\codehaus\janino\janino\3.0.8\janino-3.0.8.jar;G:\maven_rpo\org\codehaus\janino\commons-compiler\3.0.8\commons-compiler-3.0.8.jar;G:\maven_rpo\com\thoughtworks\paranamer\paranamer\2.8\paranamer-2.8.jar;"/>
    <property name="java.vm.vendor" value="Oracle Corporation"/>
    <property name="sun.arch.data.model" value="32"/>
    <property name="user.variant" value=""/>
    <property name="java.vendor.url" value="http://java.oracle.com/"/>
    <property name="user.timezone" value="GMT+08:00"/>
    <property name="java.vm.specification.version" value="1.8"/>
    <property name="os.name" value="Windows 10"/>
    <property name="user.country" value="CN"/>
    <property name="sun.java.launcher" value="SUN_STANDARD"/>
    <property name="sun.boot.library.path" value="D:\java2\jre\bin"/>
    <property name="sun.java.command" value="C:\Users\ZHANGG~1\AppData\Local\Temp\surefire8495609345741322315\surefirebooter1553147305472156764.jar C:\Users\zhangguifa\AppData\Local\Temp\surefire8495609345741322315 2020-03-21T10-15-07_090-jvmRun1 surefire3499688196261379206tmp surefire_0953112571291161104tmp"/>
    <property name="surefire.test.class.path" value="G:\movie_qa\Spring-Boot-Neo4j-Movies-master\target\test-classes;G:\movie_qa\Spring-Boot-Neo4j-Movies-master\target\classes;G:\maven_rpo\org\springframework\boot\spring-boot-starter-web\2.1.2.RELEASE\spring-boot-starter-web-2.1.2.RELEASE.jar;G:\maven_rpo\org\springframework\boot\spring-boot-starter\2.1.2.RELEASE\spring-boot-starter-2.1.2.RELEASE.jar;G:\maven_rpo\org\springframework\boot\spring-boot-starter-logging\2.1.2.RELEASE\spring-boot-starter-logging-2.1.2.RELEASE.jar;G:\maven_rpo\ch\qos\logback\logback-classic\1.2.3\logback-classic-1.2.3.jar;G:\maven_rpo\ch\qos\logback\logback-core\1.2.3\logback-core-1.2.3.jar;G:\maven_rpo\org\apache\logging\log4j\log4j-to-slf4j\2.11.1\log4j-to-slf4j-2.11.1.jar;G:\maven_rpo\org\apache\logging\log4j\log4j-api\2.11.1\log4j-api-2.11.1.jar;G:\maven_rpo\javax\annotation\javax.annotation-api\1.3.2\javax.annotation-api-1.3.2.jar;G:\maven_rpo\org\yaml\snakeyaml\1.23\snakeyaml-1.23.jar;G:\maven_rpo\org\springframework\boot\spring-boot-starter-json\2.1.2.RELEASE\spring-boot-starter-json-2.1.2.RELEASE.jar;G:\maven_rpo\com\fasterxml\jackson\datatype\jackson-datatype-jdk8\2.9.8\jackson-datatype-jdk8-2.9.8.jar;G:\maven_rpo\com\fasterxml\jackson\datatype\jackson-datatype-jsr310\2.9.8\jackson-datatype-jsr310-2.9.8.jar;G:\maven_rpo\com\fasterxml\jackson\module\jackson-module-parameter-names\2.9.8\jackson-module-parameter-names-2.9.8.jar;G:\maven_rpo\org\springframework\boot\spring-boot-starter-tomcat\2.1.2.RELEASE\spring-boot-starter-tomcat-2.1.2.RELEASE.jar;G:\maven_rpo\org\apache\tomcat\embed\tomcat-embed-core\9.0.14\tomcat-embed-core-9.0.14.jar;G:\maven_rpo\org\apache\tomcat\embed\tomcat-embed-el\9.0.14\tomcat-embed-el-9.0.14.jar;G:\maven_rpo\org\apache\tomcat\embed\tomcat-embed-websocket\9.0.14\tomcat-embed-websocket-9.0.14.jar;G:\maven_rpo\org\hibernate\validator\hibernate-validator\6.0.14.Final\hibernate-validator-6.0.14.Final.jar;G:\maven_rpo\javax\validation\validation-api\2.0.1.Final\validation-api-2.0.1.Final.jar;G:\maven_rpo\org\jboss\logging\jboss-logging\3.3.2.Final\jboss-logging-3.3.2.Final.jar;G:\maven_rpo\com\fasterxml\classmate\1.4.0\classmate-1.4.0.jar;G:\maven_rpo\org\springframework\spring-web\5.1.4.RELEASE\spring-web-5.1.4.RELEASE.jar;G:\maven_rpo\org\springframework\spring-beans\5.1.4.RELEASE\spring-beans-5.1.4.RELEASE.jar;G:\maven_rpo\org\springframework\spring-webmvc\5.1.4.RELEASE\spring-webmvc-5.1.4.RELEASE.jar;G:\maven_rpo\org\springframework\spring-aop\5.1.4.RELEASE\spring-aop-5.1.4.RELEASE.jar;G:\maven_rpo\org\springframework\spring-context\5.1.4.RELEASE\spring-context-5.1.4.RELEASE.jar;G:\maven_rpo\org\springframework\spring-expression\5.1.4.RELEASE\spring-expression-5.1.4.RELEASE.jar;G:\maven_rpo\org\springframework\boot\spring-boot-devtools\2.1.2.RELEASE\spring-boot-devtools-2.1.2.RELEASE.jar;G:\maven_rpo\org\springframework\boot\spring-boot\2.1.2.RELEASE\spring-boot-2.1.2.RELEASE.jar;G:\maven_rpo\org\springframework\boot\spring-boot-autoconfigure\2.1.2.RELEASE\spring-boot-autoconfigure-2.1.2.RELEASE.jar;G:\maven_rpo\org\springframework\boot\spring-boot-starter-test\2.1.2.RELEASE\spring-boot-starter-test-2.1.2.RELEASE.jar;G:\maven_rpo\org\springframework\boot\spring-boot-test\2.1.2.RELEASE\spring-boot-test-2.1.2.RELEASE.jar;G:\maven_rpo\org\springframework\boot\spring-boot-test-autoconfigure\2.1.2.RELEASE\spring-boot-test-autoconfigure-2.1.2.RELEASE.jar;G:\maven_rpo\com\jayway\jsonpath\json-path\2.4.0\json-path-2.4.0.jar;G:\maven_rpo\net\minidev\json-smart\2.3\json-smart-2.3.jar;G:\maven_rpo\net\minidev\accessors-smart\1.2\accessors-smart-1.2.jar;G:\maven_rpo\org\ow2\asm\asm\5.0.4\asm-5.0.4.jar;G:\maven_rpo\org\assertj\assertj-core\3.11.1\assertj-core-3.11.1.jar;G:\maven_rpo\org\mockito\mockito-core\2.23.4\mockito-core-2.23.4.jar;G:\maven_rpo\net\bytebuddy\byte-buddy\1.9.7\byte-buddy-1.9.7.jar;G:\maven_rpo\net\bytebuddy\byte-buddy-agent\1.9.7\byte-buddy-agent-1.9.7.jar;G:\maven_rpo\org\objenesis\objenesis\2.6\objenesis-2.6.jar;G:\maven_rpo\org\hamcrest\hamcrest-core\1.3\hamcrest-core-1.3.jar;G:\maven_rpo\org\hamcrest\hamcrest-library\1.3\hamcrest-library-1.3.jar;G:\maven_rpo\org\skyscreamer\jsonassert\1.5.0\jsonassert-1.5.0.jar;G:\maven_rpo\com\vaadin\external\google\android-json\0.0.20131108.vaadin1\android-json-0.0.20131108.vaadin1.jar;G:\maven_rpo\org\springframework\spring-core\5.1.4.RELEASE\spring-core-5.1.4.RELEASE.jar;G:\maven_rpo\org\springframework\spring-jcl\5.1.4.RELEASE\spring-jcl-5.1.4.RELEASE.jar;G:\maven_rpo\org\springframework\spring-test\5.1.4.RELEASE\spring-test-5.1.4.RELEASE.jar;G:\maven_rpo\org\xmlunit\xmlunit-core\2.6.2\xmlunit-core-2.6.2.jar;G:\maven_rpo\junit\junit\4.12\junit-4.12.jar;G:\maven_rpo\org\springframework\boot\spring-boot-starter-data-neo4j\2.1.2.RELEASE\spring-boot-starter-data-neo4j-2.1.2.RELEASE.jar;G:\maven_rpo\org\springframework\data\spring-data-neo4j\5.1.4.RELEASE\spring-data-neo4j-5.1.4.RELEASE.jar;G:\maven_rpo\org\springframework\spring-tx\5.1.4.RELEASE\spring-tx-5.1.4.RELEASE.jar;G:\maven_rpo\org\springframework\data\spring-data-commons\2.1.4.RELEASE\spring-data-commons-2.1.4.RELEASE.jar;G:\maven_rpo\org\neo4j\neo4j-ogm-core\3.1.6\neo4j-ogm-core-3.1.6.jar;G:\maven_rpo\io\github\lukehutch\fast-classpath-scanner\2.18.1\fast-classpath-scanner-2.18.1.jar;G:\maven_rpo\org\neo4j\neo4j-ogm-api\3.1.6\neo4j-ogm-api-3.1.6.jar;G:\maven_rpo\org\neo4j\neo4j-ogm-bolt-driver\3.1.6\neo4j-ogm-bolt-driver-3.1.6.jar;G:\maven_rpo\org\neo4j\driver\neo4j-java-driver\1.6.3\neo4j-java-driver-1.6.3.jar;G:\maven_rpo\com\hankcs\hanlp\portable-1.7.1\hanlp-portable-1.7.1.jar;G:\maven_rpo\org\springframework\boot\spring-boot-starter-thymeleaf\2.1.2.RELEASE\spring-boot-starter-thymeleaf-2.1.2.RELEASE.jar;G:\maven_rpo\org\thymeleaf\thymeleaf-spring5\3.0.11.RELEASE\thymeleaf-spring5-3.0.11.RELEASE.jar;G:\maven_rpo\org\thymeleaf\thymeleaf\3.0.11.RELEASE\thymeleaf-3.0.11.RELEASE.jar;G:\maven_rpo\org\attoparser\attoparser\2.0.5.RELEASE\attoparser-2.0.5.RELEASE.jar;G:\maven_rpo\org\unbescape\unbescape\1.1.6.RELEASE\unbescape-1.1.6.RELEASE.jar;G:\maven_rpo\org\thymeleaf\extras\thymeleaf-extras-java8time\3.0.2.RELEASE\thymeleaf-extras-java8time-3.0.2.RELEASE.jar;G:\maven_rpo\org\apache\spark\spark-core_2.12\2.4.0\spark-core_2.12-2.4.0.jar;G:\maven_rpo\org\apache\avro\avro\1.8.2\avro-1.8.2.jar;G:\maven_rpo\org\codehaus\jackson\jackson-core-asl\1.9.13\jackson-core-asl-1.9.13.jar;G:\maven_rpo\org\codehaus\jackson\jackson-mapper-asl\1.9.13\jackson-mapper-asl-1.9.13.jar;G:\maven_rpo\org\apache\commons\commons-compress\1.8.1\commons-compress-1.8.1.jar;G:\maven_rpo\org\tukaani\xz\1.5\xz-1.5.jar;G:\maven_rpo\org\apache\avro\avro-mapred\1.8.2\avro-mapred-1.8.2-hadoop2.jar;G:\maven_rpo\org\apache\avro\avro-ipc\1.8.2\avro-ipc-1.8.2.jar;G:\maven_rpo\commons-codec\commons-codec\1.11\commons-codec-1.11.jar;G:\maven_rpo\com\twitter\chill_2.12\0.9.3\chill_2.12-0.9.3.jar;G:\maven_rpo\com\esotericsoftware\kryo-shaded\4.0.2\kryo-shaded-4.0.2.jar;G:\maven_rpo\com\esotericsoftware\minlog\1.3.0\minlog-1.3.0.jar;G:\maven_rpo\com\twitter\chill-java\0.9.3\chill-java-0.9.3.jar;G:\maven_rpo\org\apache\xbean\xbean-asm6-shaded\4.8\xbean-asm6-shaded-4.8.jar;G:\maven_rpo\org\apache\hadoop\hadoop-client\2.6.5\hadoop-client-2.6.5.jar;G:\maven_rpo\org\apache\hadoop\hadoop-common\2.6.5\hadoop-common-2.6.5.jar;G:\maven_rpo\commons-cli\commons-cli\1.2\commons-cli-1.2.jar;G:\maven_rpo\xmlenc\xmlenc\0.52\xmlenc-0.52.jar;G:\maven_rpo\commons-httpclient\commons-httpclient\3.1\commons-httpclient-3.1.jar;G:\maven_rpo\commons-io\commons-io\2.4\commons-io-2.4.jar;G:\maven_rpo\commons-collections\commons-collections\3.2.2\commons-collections-3.2.2.jar;G:\maven_rpo\commons-lang\commons-lang\2.6\commons-lang-2.6.jar;G:\maven_rpo\commons-configuration\commons-configuration\1.6\commons-configuration-1.6.jar;G:\maven_rpo\commons-digester\commons-digester\1.8\commons-digester-1.8.jar;G:\maven_rpo\commons-beanutils\commons-beanutils\1.7.0\commons-beanutils-1.7.0.jar;G:\maven_rpo\commons-beanutils\commons-beanutils-core\1.8.0\commons-beanutils-core-1.8.0.jar;G:\maven_rpo\com\google\protobuf\protobuf-java\2.5.0\protobuf-java-2.5.0.jar;G:\maven_rpo\com\google\code\gson\gson\2.8.5\gson-2.8.5.jar;G:\maven_rpo\org\apache\hadoop\hadoop-auth\2.6.5\hadoop-auth-2.6.5.jar;G:\maven_rpo\org\apache\httpcomponents\httpclient\4.5.6\httpclient-4.5.6.jar;G:\maven_rpo\org\apache\httpcomponents\httpcore\4.4.10\httpcore-4.4.10.jar;G:\maven_rpo\org\apache\directory\server\apacheds-kerberos-codec\2.0.0-M15\apacheds-kerberos-codec-2.0.0-M15.jar;G:\maven_rpo\org\apache\directory\server\apacheds-i18n\2.0.0-M15\apacheds-i18n-2.0.0-M15.jar;G:\maven_rpo\org\apache\directory\api\api-asn1-api\1.0.0-M20\api-asn1-api-1.0.0-M20.jar;G:\maven_rpo\org\apache\directory\api\api-util\1.0.0-M20\api-util-1.0.0-M20.jar;G:\maven_rpo\org\apache\curator\curator-client\2.6.0\curator-client-2.6.0.jar;G:\maven_rpo\org\htrace\htrace-core\3.0.4\htrace-core-3.0.4.jar;G:\maven_rpo\org\apache\hadoop\hadoop-hdfs\2.6.5\hadoop-hdfs-2.6.5.jar;G:\maven_rpo\org\mortbay\jetty\jetty-util\6.1.26\jetty-util-6.1.26.jar;G:\maven_rpo\xerces\xercesImpl\2.9.1\xercesImpl-2.9.1.jar;G:\maven_rpo\xml-apis\xml-apis\1.4.01\xml-apis-1.4.01.jar;G:\maven_rpo\org\apache\hadoop\hadoop-mapreduce-client-app\2.6.5\hadoop-mapreduce-client-app-2.6.5.jar;G:\maven_rpo\org\apache\hadoop\hadoop-mapreduce-client-common\2.6.5\hadoop-mapreduce-client-common-2.6.5.jar;G:\maven_rpo\org\apache\hadoop\hadoop-yarn-client\2.6.5\hadoop-yarn-client-2.6.5.jar;G:\maven_rpo\org\apache\hadoop\hadoop-yarn-server-common\2.6.5\hadoop-yarn-server-common-2.6.5.jar;G:\maven_rpo\org\apache\hadoop\hadoop-mapreduce-client-shuffle\2.6.5\hadoop-mapreduce-client-shuffle-2.6.5.jar;G:\maven_rpo\org\apache\hadoop\hadoop-yarn-api\2.6.5\hadoop-yarn-api-2.6.5.jar;G:\maven_rpo\org\apache\hadoop\hadoop-mapreduce-client-core\2.6.5\hadoop-mapreduce-client-core-2.6.5.jar;G:\maven_rpo\org\apache\hadoop\hadoop-yarn-common\2.6.5\hadoop-yarn-common-2.6.5.jar;G:\maven_rpo\javax\xml\bind\jaxb-api\2.3.1\jaxb-api-2.3.1.jar;G:\maven_rpo\javax\activation\javax.activation-api\1.2.0\javax.activation-api-1.2.0.jar;G:\maven_rpo\org\codehaus\jackson\jackson-jaxrs\1.9.13\jackson-jaxrs-1.9.13.jar;G:\maven_rpo\org\codehaus\jackson\jackson-xc\1.9.13\jackson-xc-1.9.13.jar;G:\maven_rpo\org\apache\hadoop\hadoop-mapreduce-client-jobclient\2.6.5\hadoop-mapreduce-client-jobclient-2.6.5.jar;G:\maven_rpo\org\apache\hadoop\hadoop-annotations\2.6.5\hadoop-annotations-2.6.5.jar;G:\maven_rpo\org\apache\spark\spark-launcher_2.12\2.4.0\spark-launcher_2.12-2.4.0.jar;G:\maven_rpo\org\apache\spark\spark-kvstore_2.12\2.4.0\spark-kvstore_2.12-2.4.0.jar;G:\maven_rpo\org\fusesource\leveldbjni\leveldbjni-all\1.8\leveldbjni-all-1.8.jar;G:\maven_rpo\com\fasterxml\jackson\core\jackson-core\2.9.8\jackson-core-2.9.8.jar;G:\maven_rpo\com\fasterxml\jackson\core\jackson-annotations\2.9.0\jackson-annotations-2.9.0.jar;G:\maven_rpo\org\apache\spark\spark-network-common_2.12\2.4.0\spark-network-common_2.12-2.4.0.jar;G:\maven_rpo\org\apache\spark\spark-network-shuffle_2.12\2.4.0\spark-network-shuffle_2.12-2.4.0.jar;G:\maven_rpo\org\apache\spark\spark-unsafe_2.12\2.4.0\spark-unsafe_2.12-2.4.0.jar;G:\maven_rpo\javax\activation\activation\1.1.1\activation-1.1.1.jar;G:\maven_rpo\org\apache\curator\curator-recipes\2.6.0\curator-recipes-2.6.0.jar;G:\maven_rpo\org\apache\curator\curator-framework\2.6.0\curator-framework-2.6.0.jar;G:\maven_rpo\com\google\guava\guava\16.0.1\guava-16.0.1.jar;G:\maven_rpo\org\apache\zookeeper\zookeeper\3.4.6\zookeeper-3.4.6.jar;G:\maven_rpo\javax\servlet\javax.servlet-api\4.0.1\javax.servlet-api-4.0.1.jar;G:\maven_rpo\org\apache\commons\commons-lang3\3.8.1\commons-lang3-3.8.1.jar;G:\maven_rpo\org\apache\commons\commons-math3\3.4.1\commons-math3-3.4.1.jar;G:\maven_rpo\com\google\code\findbugs\jsr305\1.3.9\jsr305-1.3.9.jar;G:\maven_rpo\org\slf4j\slf4j-api\1.7.25\slf4j-api-1.7.25.jar;G:\maven_rpo\org\slf4j\jul-to-slf4j\1.7.25\jul-to-slf4j-1.7.25.jar;G:\maven_rpo\org\slf4j\jcl-over-slf4j\1.7.25\jcl-over-slf4j-1.7.25.jar;G:\maven_rpo\log4j\log4j\1.2.17\log4j-1.2.17.jar;G:\maven_rpo\com\ning\compress-lzf\1.0.3\compress-lzf-1.0.3.jar;G:\maven_rpo\org\xerial\snappy\snappy-java\1.1.7.1\snappy-java-1.1.7.1.jar;G:\maven_rpo\org\lz4\lz4-java\1.4.0\lz4-java-1.4.0.jar;G:\maven_rpo\com\github\luben\zstd-jni\1.3.2-2\zstd-jni-1.3.2-2.jar;G:\maven_rpo\org\roaringbitmap\RoaringBitmap\0.5.11\RoaringBitmap-0.5.11.jar;G:\maven_rpo\commons-net\commons-net\3.1\commons-net-3.1.jar;G:\maven_rpo\org\scala-lang\scala-library\2.12.7\scala-library-2.12.7.jar;G:\maven_rpo\org\json4s\json4s-jackson_2.12\3.5.3\json4s-jackson_2.12-3.5.3.jar;G:\maven_rpo\org\json4s\json4s-core_2.12\3.5.3\json4s-core_2.12-3.5.3.jar;G:\maven_rpo\org\json4s\json4s-ast_2.12\3.5.3\json4s-ast_2.12-3.5.3.jar;G:\maven_rpo\org\json4s\json4s-scalap_2.12\3.5.3\json4s-scalap_2.12-3.5.3.jar;G:\maven_rpo\org\scala-lang\modules\scala-xml_2.12\1.0.6\scala-xml_2.12-1.0.6.jar;G:\maven_rpo\org\glassfish\jersey\core\jersey-client\2.27\jersey-client-2.27.jar;G:\maven_rpo\javax\ws\rs\javax.ws.rs-api\2.1\javax.ws.rs-api-2.1.jar;G:\maven_rpo\org\glassfish\hk2\external\javax.inject\2.5.0-b42\javax.inject-2.5.0-b42.jar;G:\maven_rpo\org\glassfish\jersey\core\jersey-common\2.27\jersey-common-2.27.jar;G:\maven_rpo\org\glassfish\hk2\osgi-resource-locator\1.0.1\osgi-resource-locator-1.0.1.jar;G:\maven_rpo\org\glassfish\jersey\core\jersey-server\2.27\jersey-server-2.27.jar;G:\maven_rpo\org\glassfish\jersey\media\jersey-media-jaxb\2.27\jersey-media-jaxb-2.27.jar;G:\maven_rpo\org\glassfish\jersey\containers\jersey-container-servlet\2.27\jersey-container-servlet-2.27.jar;G:\maven_rpo\org\glassfish\jersey\containers\jersey-container-servlet-core\2.27\jersey-container-servlet-core-2.27.jar;G:\maven_rpo\io\netty\netty-all\4.1.31.Final\netty-all-4.1.31.Final.jar;G:\maven_rpo\io\netty\netty\3.9.9.Final\netty-3.9.9.Final.jar;G:\maven_rpo\com\clearspring\analytics\stream\2.7.0\stream-2.7.0.jar;G:\maven_rpo\io\dropwizard\metrics\metrics-core\4.0.5\metrics-core-4.0.5.jar;G:\maven_rpo\io\dropwizard\metrics\metrics-jvm\4.0.5\metrics-jvm-4.0.5.jar;G:\maven_rpo\io\dropwizard\metrics\metrics-json\4.0.5\metrics-json-4.0.5.jar;G:\maven_rpo\io\dropwizard\metrics\metrics-graphite\4.0.5\metrics-graphite-4.0.5.jar;G:\maven_rpo\com\rabbitmq\amqp-client\5.4.3\amqp-client-5.4.3.jar;G:\maven_rpo\com\fasterxml\jackson\core\jackson-databind\2.9.8\jackson-databind-2.9.8.jar;G:\maven_rpo\com\fasterxml\jackson\module\jackson-module-scala_2.12\2.9.8\jackson-module-scala_2.12-2.9.8.jar;G:\maven_rpo\com\fasterxml\jackson\module\jackson-module-paranamer\2.9.8\jackson-module-paranamer-2.9.8.jar;G:\maven_rpo\org\apache\ivy\ivy\2.4.0\ivy-2.4.0.jar;G:\maven_rpo\oro\oro\2.0.8\oro-2.0.8.jar;G:\maven_rpo\net\razorvine\pyrolite\4.13\pyrolite-4.13.jar;G:\maven_rpo\net\sf\py4j\py4j\0.10.7\py4j-0.10.7.jar;G:\maven_rpo\org\apache\spark\spark-tags_2.12\2.4.0\spark-tags_2.12-2.4.0.jar;G:\maven_rpo\org\apache\commons\commons-crypto\1.0.0\commons-crypto-1.0.0.jar;G:\maven_rpo\org\spark-project\spark\unused\1.0.0\unused-1.0.0.jar;G:\maven_rpo\org\apache\spark\spark-mllib_2.12\2.4.0\spark-mllib_2.12-2.4.0.jar;G:\maven_rpo\org\scala-lang\modules\scala-parser-combinators_2.12\1.1.0\scala-parser-combinators_2.12-1.1.0.jar;G:\maven_rpo\org\apache\spark\spark-streaming_2.12\2.4.0\spark-streaming_2.12-2.4.0.jar;G:\maven_rpo\org\apache\spark\spark-sql_2.12\2.4.0\spark-sql_2.12-2.4.0.jar;G:\maven_rpo\com\univocity\univocity-parsers\2.7.3\univocity-parsers-2.7.3.jar;G:\maven_rpo\org\apache\spark\spark-sketch_2.12\2.4.0\spark-sketch_2.12-2.4.0.jar;G:\maven_rpo\org\apache\spark\spark-catalyst_2.12\2.4.0\spark-catalyst_2.12-2.4.0.jar;G:\maven_rpo\org\scala-lang\scala-reflect\2.12.7\scala-reflect-2.12.7.jar;G:\maven_rpo\org\antlr\antlr4-runtime\4.7\antlr4-runtime-4.7.jar;G:\maven_rpo\org\apache\orc\orc-core\1.5.2\orc-core-1.5.2-nohive.jar;G:\maven_rpo\org\apache\orc\orc-shims\1.5.2\orc-shims-1.5.2.jar;G:\maven_rpo\io\airlift\aircompressor\0.10\aircompressor-0.10.jar;G:\maven_rpo\org\apache\orc\orc-mapreduce\1.5.2\orc-mapreduce-1.5.2-nohive.jar;G:\maven_rpo\org\apache\parquet\parquet-column\1.10.0\parquet-column-1.10.0.jar;G:\maven_rpo\org\apache\parquet\parquet-common\1.10.0\parquet-common-1.10.0.jar;G:\maven_rpo\org\apache\parquet\parquet-encoding\1.10.0\parquet-encoding-1.10.0.jar;G:\maven_rpo\org\apache\parquet\parquet-hadoop\1.10.0\parquet-hadoop-1.10.0.jar;G:\maven_rpo\org\apache\parquet\parquet-format\2.4.0\parquet-format-2.4.0.jar;G:\maven_rpo\org\apache\parquet\parquet-jackson\1.10.0\parquet-jackson-1.10.0.jar;G:\maven_rpo\org\apache\arrow\arrow-vector\0.10.0\arrow-vector-0.10.0.jar;G:\maven_rpo\org\apache\arrow\arrow-format\0.10.0\arrow-format-0.10.0.jar;G:\maven_rpo\org\apache\arrow\arrow-memory\0.10.0\arrow-memory-0.10.0.jar;G:\maven_rpo\joda-time\joda-time\2.10.1\joda-time-2.10.1.jar;G:\maven_rpo\com\carrotsearch\hppc\0.7.2\hppc-0.7.2.jar;G:\maven_rpo\com\vlkan\flatbuffers\1.2.0-3f79e055\flatbuffers-1.2.0-3f79e055.jar;G:\maven_rpo\org\apache\spark\spark-graphx_2.12\2.4.0\spark-graphx_2.12-2.4.0.jar;G:\maven_rpo\com\github\fommil\netlib\core\1.1.2\core-1.1.2.jar;G:\maven_rpo\net\sourceforge\f2j\arpack_combined_all\0.1\arpack_combined_all-0.1.jar;G:\maven_rpo\org\apache\spark\spark-mllib-local_2.12\2.4.0\spark-mllib-local_2.12-2.4.0.jar;G:\maven_rpo\org\scalanlp\breeze_2.12\0.13.2\breeze_2.12-0.13.2.jar;G:\maven_rpo\org\scalanlp\breeze-macros_2.12\0.13.2\breeze-macros_2.12-0.13.2.jar;G:\maven_rpo\net\sf\opencsv\opencsv\2.3\opencsv-2.3.jar;G:\maven_rpo\com\github\rwl\jtransforms\2.4.0\jtransforms-2.4.0.jar;G:\maven_rpo\org\spire-math\spire_2.12\0.13.0\spire_2.12-0.13.0.jar;G:\maven_rpo\org\spire-math\spire-macros_2.12\0.13.0\spire-macros_2.12-0.13.0.jar;G:\maven_rpo\org\typelevel\machinist_2.12\0.6.1\machinist_2.12-0.6.1.jar;G:\maven_rpo\com\chuusai\shapeless_2.12\2.3.2\shapeless_2.12-2.3.2.jar;G:\maven_rpo\org\typelevel\macro-compat_2.12\1.1.1\macro-compat_2.12-1.1.1.jar;G:\maven_rpo\org\codehaus\janino\janino\3.0.8\janino-3.0.8.jar;G:\maven_rpo\org\codehaus\janino\commons-compiler\3.0.8\commons-compiler-3.0.8.jar;G:\maven_rpo\com\thoughtworks\paranamer\paranamer\2.8\paranamer-2.8.jar;"/>
    <property name="sun.cpu.endian" value="little"/>
    <property name="user.home" value="C:\Users\zhangguifa"/>
    <property name="user.language" value="zh"/>
    <property name="java.specification.vendor" value="Oracle Corporation"/>
    <property name="java.home" value="D:\java2\jre"/>
    <property name="basedir" value="G:\movie_qa\Spring-Boot-Neo4j-Movies-master"/>
    <property name="file.separator" value="\"/>
    <property name="line.separator" value="&#10;"/>
    <property name="java.vm.specification.vendor" value="Oracle Corporation"/>
    <property name="java.specification.name" value="Java Platform API Specification"/>
    <property name="java.awt.graphicsenv" value="sun.awt.Win32GraphicsEnvironment"/>
    <property name="surefire.real.class.path" value="C:\Users\ZHANGG~1\AppData\Local\Temp\surefire8495609345741322315\surefirebooter1553147305472156764.jar"/>
    <property name="sun.boot.class.path" value="D:\java2\jre\lib\resources.jar;D:\java2\jre\lib\rt.jar;D:\java2\jre\lib\sunrsasign.jar;D:\java2\jre\lib\jsse.jar;D:\java2\jre\lib\jce.jar;D:\java2\jre\lib\charsets.jar;D:\java2\jre\lib\jfr.jar;D:\java2\jre\classes"/>
    <property name="user.script" value=""/>
    <property name="sun.management.compiler" value="HotSpot Client Compiler"/>
    <property name="java.runtime.version" value="1.8.0_144-b01"/>
    <property name="user.name" value="zhangguifa"/>
    <property name="path.separator" value=";"/>
    <property name="os.version" value="10.0"/>
    <property name="java.endorsed.dirs" value="D:\java2\jre\lib\endorsed"/>
    <property name="java.runtime.name" value="Java(TM) SE Runtime Environment"/>
    <property name="file.encoding" value="GBK"/>
    <property name="java.vm.name" value="Java HotSpot(TM) Client VM"/>
    <property name="localRepository" value="G:\maven_rpo"/>
    <property name="java.vendor.url.bug" value="http://bugreport.sun.com/bugreport/"/>
    <property name="java.io.tmpdir" value="C:\Users\ZHANGG~1\AppData\Local\Temp\"/>
    <property name="idea.version" value="15.0.2"/>
    <property name="java.version" value="1.8.0_144"/>
    <property name="user.dir" value="G:\movie_qa\Spring-Boot-Neo4j-Movies-master"/>
    <property name="os.arch" value="x86"/>
    <property name="java.vm.specification.name" value="Java Virtual Machine Specification"/>
    <property name="java.awt.printerjob" value="sun.awt.windows.WPrinterJob"/>
    <property name="sun.os.patch.level" value=""/>
    <property name="java.library.path" value="D:\java2\jre\bin;C:\WINDOWS\Sun\Java\bin;C:\WINDOWS\system32;C:\WINDOWS;C:\Program Files\NVIDIA GPU Computing Toolkit\CUDA\v9.0\bin;C:\Program Files\NVIDIA GPU Computing Toolkit\CUDA\v9.0\libnvvp;C:\Program Files\NVIDIA GPU Computing Toolkit\CUDA\v10.1\bin;C:\Program Files\NVIDIA GPU Computing Toolkit\CUDA\v10.1\libnvvp;C:\Program Files (x86)\Intel\iCLS Client\;C:\Program Files\Intel\iCLS Client\;C:\windows\system32;C:\windows;C:\windows\System32\Wbem;C:\windows\System32\WindowsPowerShell\v1.0\;C:\Program Files (x86)\Intel\Intel(R) Management Engine Components\DAL;C:\Program Files\Intel\Intel(R) Management Engine Components\DAL;C:\Program Files (x86)\Intel\Intel(R) Management Engine Components\IPT;C:\Program Files\Intel\Intel(R) Management Engine Components\IPT;C:\Program Files (x86)\NVIDIA Corporation\PhysX\Common;C:\WINDOWS\system32;C:\WINDOWS;C:\WINDOWS\System32\Wbem;C:\WINDOWS\System32\WindowsPowerShell\v1.0\;D:\soft\retional\common;D:\hadoop-eclipse-plugin\bin;C:\WINDOWS\System32\OpenSSH\;D:\soft\anaconda\Scripts;D:\BaiduYunDownload\ai\spark\spark\bin;D:\software\sbt-0.13.11\sbt\bin;C:\Program Files\NVIDIA Corporation\Nsight Compute 2019.1\;C:\Program Files\NVIDIA Corporation\NVIDIA NvDLISR;C:\Program Files\Intel\WiFi\bin\;C:\Program Files\Common Files\Intel\WirelessCommon\;D:\soft\anaconda;C:\Program Files (x86)\Windows Kits\8.1\Windows Performance Toolkit\;C:\MinGW\bin;C:\WINDOWS\system32;C:\WINDOWS;C:\WINDOWS\System32\Wbem;C:\WINDOWS\System32\WindowsPowerShell\v1.0\;C:\WINDOWS\System32\OpenSSH\;D:\soft\Git\Git\cmd;D:\soft\mysql\bin;D:\java2\bin;C:\Users\zhangguifa\AppData\Local\Microsoft\WindowsApps;D:\soft\Git\bin;C:\Program Files\NVIDIA GPU Computing Toolkit\CUDA\v9.0\bin;C:\Program Files\NVIDIA GPU Computing Toolkit\CUDA\v9.0\lib\x64;C:\Program Files\NVIDIA GPU Computing Toolkit\CUDA\v9.0\extras\CUPTI\libx64;D:\soft\neo4j\bin;D:\soft\maven_install\bin;;."/>
    <property name="java.vm.info" value="mixed mode"/>
    <property name="java.vendor" value="Oracle Corporation"/>
    <property name="java.vm.version" value="25.144-b01"/>
    <property name="java.ext.dirs" value="D:\java2\jre\lib\ext;C:\WINDOWS\Sun\Java\lib\ext"/>
    <property name="sun.io.unicode.encoding" value="UnicodeLittle"/>
    <property name="java.class.version" value="52.0"/>
  </properties>
  <testcase name="TestA" classname="HanLPTest" time="0.619"/>
  <testcase name="TestB" classname="HanLPTest" time="0.022"/>
  <testcase name="TestC" classname="HanLPTest" time="0.06">
    <error message="System memory 259522560 must be at least 471859200. Please increase heap size using the --driver-memory option or spark.driver.memory in Spark configuration." type="java.lang.IllegalArgumentException">java.lang.IllegalArgumentException: System memory 259522560 must be at least 471859200. Please increase heap size using the --driver-memory option or spark.driver.memory in Spark configuration.
	at HanLPTest.TestC(HanLPTest.java:53)
</error>
    <system-out><![CDATA[10:15:13.917 [main] WARN org.apache.spark.SparkContext - Another SparkContext is being constructed (or threw an exception in its constructor).  This may indicate an error, since only one SparkContext may be running in this JVM (see SPARK-2243). The other SparkContext was created at:
org.apache.spark.api.java.JavaSparkContext.<init>(JavaSparkContext.scala:58)
BayesTest.TestA(BayesTest.java:23)
sun.reflect.NativeMethodAccessorImpl.invoke0(Native Method)
sun.reflect.NativeMethodAccessorImpl.invoke(NativeMethodAccessorImpl.java:62)
sun.reflect.DelegatingMethodAccessorImpl.invoke(DelegatingMethodAccessorImpl.java:43)
java.lang.reflect.Method.invoke(Method.java:498)
org.junit.runners.model.FrameworkMethod$1.runReflectiveCall(FrameworkMethod.java:50)
org.junit.internal.runners.model.ReflectiveCallable.run(ReflectiveCallable.java:12)
org.junit.runners.model.FrameworkMethod.invokeExplosively(FrameworkMethod.java:47)
org.junit.internal.runners.statements.InvokeMethod.evaluate(InvokeMethod.java:17)
org.junit.runners.ParentRunner.runLeaf(ParentRunner.java:325)
org.junit.runners.BlockJUnit4ClassRunner.runChild(BlockJUnit4ClassRunner.java:78)
org.junit.runners.BlockJUnit4ClassRunner.runChild(BlockJUnit4ClassRunner.java:57)
org.junit.runners.ParentRunner$3.run(ParentRunner.java:290)
org.junit.runners.ParentRunner$1.schedule(ParentRunner.java:71)
org.junit.runners.ParentRunner.runChildren(ParentRunner.java:288)
org.junit.runners.ParentRunner.access$000(ParentRunner.java:58)
org.junit.runners.ParentRunner$2.evaluate(ParentRunner.java:268)
org.junit.runners.ParentRunner.run(ParentRunner.java:363)
org.apache.maven.surefire.junit4.JUnit4Provider.execute(JUnit4Provider.java:365)
10:15:13.917 [main] INFO org.apache.spark.SparkContext - Running Spark version 2.4.0
10:15:13.918 [main] INFO org.apache.spark.SparkContext - Submitted application: NaiveBayesTest
10:15:13.919 [main] INFO org.apache.spark.SecurityManager - Changing view acls to: zhangguifa
10:15:13.919 [main] INFO org.apache.spark.SecurityManager - Changing modify acls to: zhangguifa
10:15:13.919 [main] INFO org.apache.spark.SecurityManager - Changing view acls groups to: 
10:15:13.919 [main] INFO org.apache.spark.SecurityManager - Changing modify acls groups to: 
10:15:13.919 [main] INFO org.apache.spark.SecurityManager - SecurityManager: authentication disabled; ui acls disabled; users  with view permissions: Set(zhangguifa); groups with view permissions: Set(); users  with modify permissions: Set(zhangguifa); groups with modify permissions: Set()
10:15:13.966 [main] DEBUG org.apache.spark.network.server.TransportServer - Shuffle server started on port: 53880
10:15:13.967 [main] INFO org.apache.spark.util.Utils - Successfully started service 'sparkDriver' on port 53880.
10:15:13.967 [main] DEBUG org.apache.spark.SparkEnv - Using serializer: class org.apache.spark.serializer.JavaSerializer
10:15:13.969 [main] INFO org.apache.spark.SparkEnv - Registering MapOutputTracker
10:15:13.969 [main] DEBUG org.apache.spark.MapOutputTrackerMasterEndpoint - init
10:15:13.970 [main] ERROR org.apache.spark.SparkContext - Error initializing SparkContext.
java.lang.IllegalArgumentException: System memory 259522560 must be at least 471859200. Please increase heap size using the --driver-memory option or spark.driver.memory in Spark configuration.
	at org.apache.spark.memory.UnifiedMemoryManager$.getMaxMemory(UnifiedMemoryManager.scala:219)
	at org.apache.spark.memory.UnifiedMemoryManager$.apply(UnifiedMemoryManager.scala:199)
	at org.apache.spark.SparkEnv$.create(SparkEnv.scala:330)
	at org.apache.spark.SparkEnv$.createDriverEnv(SparkEnv.scala:185)
	at org.apache.spark.SparkContext.createSparkEnv(SparkContext.scala:257)
	at org.apache.spark.SparkContext.<init>(SparkContext.scala:424)
	at org.apache.spark.api.java.JavaSparkContext.<init>(JavaSparkContext.scala:58)
	at com.appleyk.process.ModelProcess.loadClassifierModel(ModelProcess.java:301)
	at com.appleyk.process.ModelProcess.<init>(ModelProcess.java:77)
	at HanLPTest.TestC(HanLPTest.java:53)
	at sun.reflect.NativeMethodAccessorImpl.invoke0(Native Method)
	at sun.reflect.NativeMethodAccessorImpl.invoke(NativeMethodAccessorImpl.java:62)
	at sun.reflect.DelegatingMethodAccessorImpl.invoke(DelegatingMethodAccessorImpl.java:43)
	at java.lang.reflect.Method.invoke(Method.java:498)
	at org.junit.runners.model.FrameworkMethod$1.runReflectiveCall(FrameworkMethod.java:50)
	at org.junit.internal.runners.model.ReflectiveCallable.run(ReflectiveCallable.java:12)
	at org.junit.runners.model.FrameworkMethod.invokeExplosively(FrameworkMethod.java:47)
	at org.junit.internal.runners.statements.InvokeMethod.evaluate(InvokeMethod.java:17)
	at org.junit.runners.ParentRunner.runLeaf(ParentRunner.java:325)
	at org.junit.runners.BlockJUnit4ClassRunner.runChild(BlockJUnit4ClassRunner.java:78)
	at org.junit.runners.BlockJUnit4ClassRunner.runChild(BlockJUnit4ClassRunner.java:57)
	at org.junit.runners.ParentRunner$3.run(ParentRunner.java:290)
	at org.junit.runners.ParentRunner$1.schedule(ParentRunner.java:71)
	at org.junit.runners.ParentRunner.runChildren(ParentRunner.java:288)
	at org.junit.runners.ParentRunner.access$000(ParentRunner.java:58)
	at org.junit.runners.ParentRunner$2.evaluate(ParentRunner.java:268)
	at org.junit.runners.ParentRunner.run(ParentRunner.java:363)
	at org.apache.maven.surefire.junit4.JUnit4Provider.execute(JUnit4Provider.java:365)
	at org.apache.maven.surefire.junit4.JUnit4Provider.executeWithRerun(JUnit4Provider.java:273)
	at org.apache.maven.surefire.junit4.JUnit4Provider.executeTestSet(JUnit4Provider.java:238)
	at org.apache.maven.surefire.junit4.JUnit4Provider.invoke(JUnit4Provider.java:159)
	at org.apache.maven.surefire.booter.ForkedBooter.invokeProviderInSameClassLoader(ForkedBooter.java:384)
	at org.apache.maven.surefire.booter.ForkedBooter.runSuitesInProcess(ForkedBooter.java:345)
	at org.apache.maven.surefire.booter.ForkedBooter.execute(ForkedBooter.java:126)
	at org.apache.maven.surefire.booter.ForkedBooter.main(ForkedBooter.java:418)
10:15:13.970 [main] INFO org.apache.spark.SparkContext - Successfully stopped SparkContext
]]></system-out>
  </testcase>
  <testcase name="TestRDD" classname="HanLPTest" time="7.834"/>
</testsuite>